<?xml version="1.0" encoding="UTF-8"?>
<coverage generated="1621766654665" clover="3.2.0">
  <project timestamp="1621766654665" name="All files">
    <metrics statements="11" coveredstatements="9" conditionals="6" coveredconditionals="3" methods="2" coveredmethods="2" elements="19" coveredelements="14" complexity="0" loc="11" ncloc="11" packages="1" files="1" classes="1"/>
    <file name="index.ts" path="/Users/entsuka/PrAha_Challenge/dddnodejstypescript/app/src/domain/valueobject/belongs/index.ts">
      <metrics statements="11" coveredstatements="9" conditionals="6" coveredconditionals="3" methods="2" coveredmethods="2"/>
      <line num="1" count="1" type="stmt"/>
      <line num="4" count="1" type="stmt"/>
      <line num="5" count="1" type="stmt"/>
      <line num="6" count="1" type="stmt"/>
      <line num="9" count="1" type="stmt"/>
      <line num="10" count="1" type="stmt"/>
      <line num="14" count="2" type="cond" truecount="1" falsecount="1"/>
      <line num="15" count="0" type="stmt"/>
      <line num="17" count="2" type="cond" truecount="1" falsecount="1"/>
      <line num="21" count="0" type="stmt"/>
      <line num="23" count="2" type="stmt"/>
    </file>
  </project>
</coverage>
